Exception on /compose [POST]
Traceback (most recent call last):
  File "D:\Download\anaconda3\Lib\site-packages\flask\app.py", line 2525, in wsgi_app
    response = self.full_dispatch_request()
               ^^^^^^^^^^^^^^^^^^^^^^^^^^^^
  File "D:\Download\anaconda3\Lib\site-packages\flask\app.py", line 1822, in full_dispatch_request
    rv = self.handle_user_exception(e)
         ^^^^^^^^^^^^^^^^^^^^^^^^^^^^^
  File "D:\Download\anaconda3\Lib\site-packages\flask\app.py", line 1820, in full_dispatch_request
    rv = self.dispatch_request()
         ^^^^^^^^^^^^^^^^^^^^^^^
  File "D:\Download\anaconda3\Lib\site-packages\flask\app.py", line 1796, in dispatch_request
    return self.ensure_sync(self.view_functions[rule.endpoint])(**view_args)
           ^^^^^^^^^^^^^^^^^^^^^^^^^^^^^^^^^^^^^^^^^^^^^^^^^^^^^^^^^^^^^^^^^
  File "D:\DeepLearning\DL_project\Music-research-project\DeepBach-master\musescore_flask_server.py", line 210, in compose
    generated_sheet.write('xml', xml_file)
  File "D:\Download\anaconda3\Lib\site-packages\music21\stream\__init__.py", line 253, in write
    return super().write(fmt=fmt, fp=fp, **keywords)
           ^^^^^^^^^^^^^^^^^^^^^^^^^^^^^^^^^^^^^^^^^
  File "D:\Download\anaconda3\Lib\site-packages\music21\base.py", line 2552, in write
    return formatWriter.write(self,
           ^^^^^^^^^^^^^^^^^^^^^^^^
  File "D:\Download\anaconda3\Lib\site-packages\music21\converter\subConverters.py", line 985, in write
    xmlFp = self.writeDataStream(writeDataStreamFp, dataBytes)
            ^^^^^^^^^^^^^^^^^^^^^^^^^^^^^^^^^^^^^^^^^^^^^^^^^^
  File "D:\Download\anaconda3\Lib\site-packages\music21\converter\subConverters.py", line 953, in writeDataStream
    with open(fp, writeFlags) as f:
         ^^^^^^^^^^^^^^^^^^^^
OSError: [Errno 22] Invalid argument: 'D:\\DeepLearning\\DL_project\\Music-research-project\\DeepBach-master\\\tmpdeepbach.xml'
Exception on /compose [POST]
Traceback (most recent call last):
  File "D:\Download\anaconda3\Lib\site-packages\flask\app.py", line 2525, in wsgi_app
    response = self.full_dispatch_request()
               ^^^^^^^^^^^^^^^^^^^^^^^^^^^^
  File "D:\Download\anaconda3\Lib\site-packages\flask\app.py", line 1822, in full_dispatch_request
    rv = self.handle_user_exception(e)
         ^^^^^^^^^^^^^^^^^^^^^^^^^^^^^
  File "D:\Download\anaconda3\Lib\site-packages\flask\app.py", line 1820, in full_dispatch_request
    rv = self.dispatch_request()
         ^^^^^^^^^^^^^^^^^^^^^^^
  File "D:\Download\anaconda3\Lib\site-packages\flask\app.py", line 1796, in dispatch_request
    return self.ensure_sync(self.view_functions[rule.endpoint])(**view_args)
           ^^^^^^^^^^^^^^^^^^^^^^^^^^^^^^^^^^^^^^^^^^^^^^^^^^^^^^^^^^^^^^^^^
  File "D:\DeepLearning\DL_project\Music-research-project\DeepBach-master\musescore_flask_server.py", line 210, in compose
    generated_sheet.write('xml', xml_file)
  File "D:\Download\anaconda3\Lib\site-packages\music21\stream\__init__.py", line 253, in write
    return super().write(fmt=fmt, fp=fp, **keywords)
           ^^^^^^^^^^^^^^^^^^^^^^^^^^^^^^^^^^^^^^^^^
  File "D:\Download\anaconda3\Lib\site-packages\music21\base.py", line 2552, in write
    return formatWriter.write(self,
           ^^^^^^^^^^^^^^^^^^^^^^^^
  File "D:\Download\anaconda3\Lib\site-packages\music21\converter\subConverters.py", line 985, in write
    xmlFp = self.writeDataStream(writeDataStreamFp, dataBytes)
            ^^^^^^^^^^^^^^^^^^^^^^^^^^^^^^^^^^^^^^^^^^^^^^^^^^
  File "D:\Download\anaconda3\Lib\site-packages\music21\converter\subConverters.py", line 953, in writeDataStream
    with open(fp, writeFlags) as f:
         ^^^^^^^^^^^^^^^^^^^^
FileNotFoundError: [Errno 2] No such file or directory: '\\tmp\\deepbach.xml'
Exception on /compose [POST]
Traceback (most recent call last):
  File "D:\Download\anaconda3\Lib\site-packages\flask\app.py", line 2525, in wsgi_app
    response = self.full_dispatch_request()
               ^^^^^^^^^^^^^^^^^^^^^^^^^^^^
  File "D:\Download\anaconda3\Lib\site-packages\flask\app.py", line 1822, in full_dispatch_request
    rv = self.handle_user_exception(e)
         ^^^^^^^^^^^^^^^^^^^^^^^^^^^^^
  File "D:\Download\anaconda3\Lib\site-packages\flask\app.py", line 1820, in full_dispatch_request
    rv = self.dispatch_request()
         ^^^^^^^^^^^^^^^^^^^^^^^
  File "D:\Download\anaconda3\Lib\site-packages\flask\app.py", line 1796, in dispatch_request
    return self.ensure_sync(self.view_functions[rule.endpoint])(**view_args)
           ^^^^^^^^^^^^^^^^^^^^^^^^^^^^^^^^^^^^^^^^^^^^^^^^^^^^^^^^^^^^^^^^^
  File "D:\DeepLearning\DL_project\Music-research-project\DeepBach-master\musescore_flask_server.py", line 251, in compose
    _tensor_metadata) = deepbach.generation(
                        ^^^^^^^^^^^^^^^^^^^^
  File "D:\DeepLearning\DL_project\Music-research-project\DeepBach-master\DeepBach\model_manager.py", line 156, in generation
    assert 0 <= a_ticks < b_ticks <= sequence_length_ticks
           ^^^^^^^^^^^^^^^^^^^^^^^^^^^^^^^^^^^^^^^^^^^^^^^
AssertionError
